*** Using Compiler 'V5.06 update 6 (build 750)', folder: 'C:\Users\LT\Documents\keil\ARM\ARMCC\Bin'
Build target 'HEU_ARM_PRO'
compiling usbd_conf.c...
compiling usbd_desc.c...
compiling freertos.c...
compiling stm32h7xx_hal_msp.c...
compiling dma.c...
compiling stm32h7xx_it.c...
compiling main.c...
compiling fdcan.c...
compiling usbd_core.c...
compiling usb_device.c...
compiling spi.c...
compiling usbd_cdc_if.c...
compiling gpio.c...
compiling usart.c...
compiling tim.c...
compiling can_bsp.c...
compiling pid.c...
compiling dm4310_drv.c...
compiling rope_task.c...
compiling usbd_cdc.c...
compiling usbd_ioreq.c...
compiling usbd_ctlreq.c...
compiling ws2812.c...
linking...
Program Size: Code=50548 RO-data=1000 RW-data=408 ZI-data=42144  
FromELF: creating hex file...
"HEU_ARM_PRO\HEU_ARM_PRO.axf" - 0 Error(s), 0 Warning(s).
Build Time Elapsed:  00:00:38
